<?xml version="1.0" encoding="UTF-8"?>
<!-- Generated by org.testng.reporters.JUnitReportReporter -->
<testsuite skipped="0" hostname="DESKTOP-1VQ11OL" name="test.AddCategoryTest" tests="3" failures="0" timestamp="2022-10-15T19:08:09 CDT" time="62.448" errors="0">
  <testcase name="userShouldBeAbleToAddCategory" time="24.922" classname="test.AddCategoryTest"/>
  <system-out/>
  <testcase name="userShouldNotBeAbleToAddDuplicate" time="18.664" classname="test.AddCategoryTest"/>
  <system-out/>
  <testcase name="dropDownShouldHaveAllMonths" time="18.862" classname="test.AddCategoryTest"/>
  <system-out/>
</testsuite> <!-- test.AddCategoryTest -->
