<?xml version="1.0" encoding="UTF-8"?>
<!-- Generated by org.testng.reporters.JUnitReportReporter -->
<testsuite skipped="0" hostname="DESKTOP-1VQ11OL" name="test.AddCategoryTest" tests="3" failures="0" timestamp="2022-10-16T16:14:28 CDT" time="57.735" errors="0">
  <testcase name="userShouldBeAbleToAddCategory" time="20.245" classname="test.AddCategoryTest"/>
  <system-out/>
  <testcase name="userShouldNotBeAbleToAddDuplicate" time="18.682" classname="test.AddCategoryTest"/>
  <system-out/>
  <testcase name="dropDownShouldHaveAllMonths" time="18.808" classname="test.AddCategoryTest"/>
  <system-out/>
</testsuite> <!-- test.AddCategoryTest -->
